<?xml version="1.0" encoding="UTF-8"?>
<!-- Generated by org.testng.reporters.JUnitXMLReporter -->
<testsuite hostname="DESKTOP-JUEDK29" ignored="0" name="Test_003" tests="1" failures="0" timestamp="08 Jun 2020 04:52:38 GMT" time="1.618" errors="0">
  <testcase name="@BeforeTest initModClass" time="0.0" classname="com.bsli.ibm_web.controller.MappController">
    <failure type="atu.testrecorder.exceptions.ATUTestRecorderException">
      <![CDATA[[ATU Test Recorder Exception] Directory "E:\IBM_DEV\Chetan\HDFCD2C\Video" does not exist.
	at atu.testrecorder.ATUTestRecorder.<init>(ATUTestRecorder.java:184)
	at com.bsli.ibm_web.controller.MappController.initAppiumDriver(MappController.java:96)
	at com.bsli.ibm_web.controller.MappController.initModClass(MappController.java:149)
	at com.bsli.ibm.utility.CreateTestNGXml.runTestNG(CreateTestNGXml.java:92)
	at com.bsli.ibm_web.helper.TestNGXmlHelper.createTestNGXml(TestNGXmlHelper.java:113)
	at com.bsli.ibm_web.run.mappRunner.run(mappRunner.java:21)
	at com.bsli.ibm_web.run.mappRunner.main(mappRunner.java:34)
... Removed 20 stack frames]]>
    </failure>
  </testcase> <!-- @BeforeTest initModClass -->
  <testcase name="@AfterTest closeApp" time="0.0" classname="com.bsli.ibm_web.controller.MappController">
    <skipped/>
  </testcase> <!-- @AfterTest closeApp -->
  <testcase name="loadModClass" time="0.0" classname="com.bsli.ibm_web.controller.MappController">
    <skipped/>
  </testcase> <!-- loadModClass -->
</testsuite> <!-- Test_003 -->
