<?xml version="1.0" encoding="UTF-8"?>
<!-- Generated by org.testng.reporters.JUnitXMLReporter -->
<testsuite hostname="DESKTOP-JUEDK29" ignored="0" name="Test_011" tests="1" failures="0" timestamp="31 Oct 2019 19:12:00 GMT" time="18.321" errors="0">
  <testcase name="@BeforeTest initAppiumDriver" time="0.0" classname="com.bsli.ibm.controller.MappController">
    <failure type="io.appium.java_client.NoSuchContextException" message="No such context found.
Build info: version: &amp;apos;3.141.59&amp;apos;, revision: &amp;apos;e82be7d358&amp;apos;, time: &amp;apos;2018-11-14T08:17:03&amp;apos;
System info: host: &amp;apos;DESKTOP-JUEDK29&amp;apos;, ip: &amp;apos;192.168.0.107&amp;apos;, os.name: &amp;apos;Windows 10&amp;apos;, os.arch: &amp;apos;amd64&amp;apos;, os.version: &amp;apos;10.0&amp;apos;, java.version: &amp;apos;1.8.0_221&amp;apos;
Driver info: io.appium.java_client.android.AndroidDriver
Capabilities {appActivity: com.bsli.eapp.eapp, appPackage: com.bsli.eapp, autoGrantPermissions: true, automationName: UiAutomator2, databaseEnabled: false, desired: {appActivity: com.bsli.eapp.eapp, appPackage: com.bsli.eapp, autoGrantPermissions: true, automationName: UiAutomator2, deviceName: vivo 1801, fullReset: false, newCommandTimeout: 3000, noReset: true, platformName: android, platformVersion: 8.1.0, resetKeyboard: true, udid: 137ee4e2, unicodeKeyboard: true}, deviceApiLevel: 27, deviceManufacturer: vivo, deviceModel: vivo 1801, deviceName: 137ee4e2, deviceScreenDensity: 320, deviceScreenSize: 720x1440, deviceUDID: 137ee4e2, fullReset: false, javascriptEnabled: true, locationContextEnabled: false, networkConnectionEnabled: true, newCommandTimeout: 3000, noReset: true, pixelRatio: 2, platform: LINUX, platformName: Android, platformVersion: 8.1.0, resetKeyboard: true, statBarHeight: 48, takesScreenshot: true, udid: 137ee4e2, unicodeKeyboard: true, viewportRect: {height: 1308, left: 0, top: 48, width: 720}, warnings: {}, webStorageEnabled: false}
Session ID: f4b06b12-8bd2-40d4-aea8-a8ad655bbab5">
      <![CDATA[io.appium.java_client.NoSuchContextException: No such context found.
Build info: version: '3.141.59', revision: 'e82be7d358', time: '2018-11-14T08:17:03'
System info: host: 'DESKTOP-JUEDK29', ip: '192.168.0.107', os.name: 'Windows 10', os.arch: 'amd64', os.version: '10.0', java.version: '1.8.0_221'
Driver info: io.appium.java_client.android.AndroidDriver
Capabilities {appActivity: com.bsli.eapp.eapp, appPackage: com.bsli.eapp, autoGrantPermissions: true, automationName: UiAutomator2, databaseEnabled: false, desired: {appActivity: com.bsli.eapp.eapp, appPackage: com.bsli.eapp, autoGrantPermissions: true, automationName: UiAutomator2, deviceName: vivo 1801, fullReset: false, newCommandTimeout: 3000, noReset: true, platformName: android, platformVersion: 8.1.0, resetKeyboard: true, udid: 137ee4e2, unicodeKeyboard: true}, deviceApiLevel: 27, deviceManufacturer: vivo, deviceModel: vivo 1801, deviceName: 137ee4e2, deviceScreenDensity: 320, deviceScreenSize: 720x1440, deviceUDID: 137ee4e2, fullReset: false, javascriptEnabled: true, locationContextEnabled: false, networkConnectionEnabled: true, newCommandTimeout: 3000, noReset: true, pixelRatio: 2, platform: LINUX, platformName: Android, platformVersion: 8.1.0, resetKeyboard: true, statBarHeight: 48, takesScreenshot: true, udid: 137ee4e2, unicodeKeyboard: true, viewportRect: {height: 1308, left: 0, top: 48, width: 720}, warnings: {}, webStorageEnabled: false}
Session ID: f4b06b12-8bd2-40d4-aea8-a8ad655bbab5
	at io.appium.java_client.AppiumDriver.context(AppiumDriver.java:229)
	at com.bsli.ibm.controller.MappController.initAppiumDriver(MappController.java:79)
	at com.bsli.ibm.utility.CreateTestNGXml.runTestNG(CreateTestNGXml.java:92)
	at com.bsli.ibm.helper.TestNGXmlHelper.createTestNGXml(TestNGXmlHelper.java:100)
	at com.bsli.ibm.run.mappRunner.run(mappRunner.java:16)
	at com.bsli.ibm.run.mappRunner.main(mappRunner.java:25)
Caused by: org.openqa.selenium.WebDriverException: No such context found.
Build info: version: '3.141.59', revision: 'e82be7d358', time: '2018-11-14T08:17:03'
System info: host: 'DESKTOP-JUEDK29', ip: '192.168.0.107', os.name: 'Windows 10', os.arch: 'amd64', os.version: '10.0', java.version: '1.8.0_221'
Driver info: io.appium.java_client.android.AndroidDriver
Capabilities {appActivity: com.bsli.eapp.eapp, appPackage: com.bsli.eapp, autoGrantPermissions: true, automationName: UiAutomator2, databaseEnabled: false, desired: {appActivity: com.bsli.eapp.eapp, appPackage: com.bsli.eapp, autoGrantPermissions: true, automationName: UiAutomator2, deviceName: vivo 1801, fullReset: false, newCommandTimeout: 3000, noReset: true, platformName: android, platformVersion: 8.1.0, resetKeyboard: true, udid: 137ee4e2, unicodeKeyboard: true}, deviceApiLevel: 27, deviceManufacturer: vivo, deviceModel: vivo 1801, deviceName: 137ee4e2, deviceScreenDensity: 320, deviceScreenSize: 720x1440, deviceUDID: 137ee4e2, fullReset: false, javascriptEnabled: true, locationContextEnabled: false, networkConnectionEnabled: true, newCommandTimeout: 3000, noReset: true, pixelRatio: 2, platform: LINUX, platformName: Android, platformVersion: 8.1.0, resetKeyboard: true, statBarHeight: 48, takesScreenshot: true, udid: 137ee4e2, unicodeKeyboard: true, viewportRect: {height: 1308, left: 0, top: 48, width: 720}, warnings: {}, webStorageEnabled: false}
Session ID: f4b06b12-8bd2-40d4-aea8-a8ad655bbab5
	at org.openqa.selenium.remote.http.W3CHttpResponseCodec.createException(W3CHttpResponseCodec.java:187)
	at org.openqa.selenium.remote.http.W3CHttpResponseCodec.decode(W3CHttpResponseCodec.java:122)
	at org.openqa.selenium.remote.http.W3CHttpResponseCodec.decode(W3CHttpResponseCodec.java:49)
	at org.openqa.selenium.remote.HttpCommandExecutor.execute(HttpCommandExecutor.java:158)
	at io.appium.java_client.remote.AppiumCommandExecutor.execute(AppiumCommandExecutor.java:239)
	at org.openqa.selenium.remote.RemoteWebDriver.execute(RemoteWebDriver.java:552)
	at io.appium.java_client.DefaultGenericMobileDriver.execute(DefaultGenericMobileDriver.java:41)
	at io.appium.java_client.AppiumDriver.execute(AppiumDriver.java:1)
	at io.appium.java_client.android.AndroidDriver.execute(AndroidDriver.java:1)
	at io.appium.java_client.AppiumDriver.context(AppiumDriver.java:226)
	... 25 more
... Removed 24 stack frames]]>
    </failure>
  </testcase> <!-- @BeforeTest initAppiumDriver -->
  <testcase name="@BeforeClass initModClass" time="0.0" classname="com.bsli.ibm.controller.MappController">
    <skipped/>
  </testcase> <!-- @BeforeClass initModClass -->
  <testcase name="@AfterClass closeApp" time="0.0" classname="com.bsli.ibm.controller.MappController">
    <skipped/>
  </testcase> <!-- @AfterClass closeApp -->
  <testcase name="loadModClass" time="0.0" classname="com.bsli.ibm.controller.MappController">
    <skipped/>
  </testcase> <!-- loadModClass -->
</testsuite> <!-- Test_011 -->
