<?xml version="1.0" encoding="UTF-8"?>
<testng-results ignored="0" total="4" passed="0" failed="0" skipped="4">
  <reporter-output>
  </reporter-output>
  <suite started-at="2020-12-29T18:20:39 IST" name="HDFC" finished-at="2020-12-29T18:22:15 IST" duration-ms="95937">
    <groups>
    </groups>
    <test started-at="2020-12-29T18:20:39 IST" name="Test_001" finished-at="2020-12-29T18:21:34 IST" duration-ms="55239">
      <class name="com.bsli.ibm_web.controller.MappController">
        <test-method is-config="true" signature="initModClass(java.lang.String, java.lang.String, java.lang.String)[pri:0, instance:com.bsli.ibm_web.controller.MappController@3a0d172f]" started-at="2020-12-29T18:20:39 IST" name="initModClass" finished-at="2020-12-29T18:21:33 IST" duration-ms="54088" status="FAIL">
          <params>
            <param index="0">
              <value>
                <![CDATA[001]]>
              </value>
            </param>
            <param index="1">
              <value>
                <![CDATA[HDFC]]>
              </value>
            </param>
            <param index="2">
              <value>
                <![CDATA[https://uat.abcap.co.in/ABSLI/he31nHw]]>
              </value>
            </param>
          </params>
          <exception class="java.lang.NullPointerException">
            <full-stacktrace>
              <![CDATA[java.lang.NullPointerException
at com.bsli.ibm_web.controller.MappController.initAppiumDriver(MappController.java:109)
at com.bsli.ibm_web.controller.MappController.initModClass(MappController.java:133)
at java.base/jdk.internal.reflect.NativeMethodAccessorImpl.invoke0(Native Method)
at java.base/jdk.internal.reflect.NativeMethodAccessorImpl.invoke(NativeMethodAccessorImpl.java:62)
at java.base/jdk.internal.reflect.DelegatingMethodAccessorImpl.invoke(DelegatingMethodAccessorImpl.java:43)
at java.base/java.lang.reflect.Method.invoke(Method.java:567)
at org.testng.internal.MethodInvocationHelper.invokeMethod(MethodInvocationHelper.java:133)
at org.testng.internal.MethodInvocationHelper.invokeMethodConsideringTimeout(MethodInvocationHelper.java:62)
at org.testng.internal.ConfigInvoker.invokeConfigurationMethod(ConfigInvoker.java:340)
at org.testng.internal.ConfigInvoker.invokeConfigurations(ConfigInvoker.java:294)
at org.testng.TestRunner.invokeTestConfigurations(TestRunner.java:623)
at org.testng.TestRunner.beforeRun(TestRunner.java:613)
at org.testng.TestRunner.run(TestRunner.java:584)
at org.testng.SuiteRunner.runTest(SuiteRunner.java:402)
at org.testng.SuiteRunner.runSequentially(SuiteRunner.java:396)
at org.testng.SuiteRunner.privateRun(SuiteRunner.java:355)
at org.testng.SuiteRunner.run(SuiteRunner.java:304)
at org.testng.SuiteRunnerWorker.runSuite(SuiteRunnerWorker.java:53)
at org.testng.SuiteRunnerWorker.run(SuiteRunnerWorker.java:96)
at org.testng.TestNG.runSuitesSequentially(TestNG.java:1180)
at org.testng.TestNG.runSuitesLocally(TestNG.java:1102)
at org.testng.TestNG.runSuites(TestNG.java:1032)
at org.testng.TestNG.run(TestNG.java:1000)
at com.bsli.ibm.utility.CreateTestNGXml.runTestNG(CreateTestNGXml.java:92)
at com.bsli.ibm_web.helper.TestNGXmlHelper.createTestNGXml(TestNGXmlHelper.java:113)
at com.bsli.ibm_web.run.mappRunner.run(mappRunner.java:21)
at com.bsli.ibm_web.run.mappRunner.main(mappRunner.java:34)
]]>
            </full-stacktrace>
          </exception> <!-- java.lang.NullPointerException -->
          <reporter-output>
          </reporter-output>
        </test-method> <!-- initModClass -->
        <test-method signature="loadModClass(java.lang.String, java.lang.String, java.lang.String)[pri:0, instance:com.bsli.ibm_web.controller.MappController@3a0d172f]" started-at="2020-12-29T18:21:34 IST" name="loadModClass" finished-at="2020-12-29T18:21:34 IST" duration-ms="0" status="SKIP">
          <exception class="java.lang.NullPointerException">
            <full-stacktrace>
              <![CDATA[java.lang.NullPointerException
at com.bsli.ibm_web.controller.MappController.initAppiumDriver(MappController.java:109)
at com.bsli.ibm_web.controller.MappController.initModClass(MappController.java:133)
at java.base/jdk.internal.reflect.NativeMethodAccessorImpl.invoke0(Native Method)
at java.base/jdk.internal.reflect.NativeMethodAccessorImpl.invoke(NativeMethodAccessorImpl.java:62)
at java.base/jdk.internal.reflect.DelegatingMethodAccessorImpl.invoke(DelegatingMethodAccessorImpl.java:43)
at java.base/java.lang.reflect.Method.invoke(Method.java:567)
at org.testng.internal.MethodInvocationHelper.invokeMethod(MethodInvocationHelper.java:133)
at org.testng.internal.MethodInvocationHelper.invokeMethodConsideringTimeout(MethodInvocationHelper.java:62)
at org.testng.internal.ConfigInvoker.invokeConfigurationMethod(ConfigInvoker.java:340)
at org.testng.internal.ConfigInvoker.invokeConfigurations(ConfigInvoker.java:294)
at org.testng.TestRunner.invokeTestConfigurations(TestRunner.java:623)
at org.testng.TestRunner.beforeRun(TestRunner.java:613)
at org.testng.TestRunner.run(TestRunner.java:584)
at org.testng.SuiteRunner.runTest(SuiteRunner.java:402)
at org.testng.SuiteRunner.runSequentially(SuiteRunner.java:396)
at org.testng.SuiteRunner.privateRun(SuiteRunner.java:355)
at org.testng.SuiteRunner.run(SuiteRunner.java:304)
at org.testng.SuiteRunnerWorker.runSuite(SuiteRunnerWorker.java:53)
at org.testng.SuiteRunnerWorker.run(SuiteRunnerWorker.java:96)
at org.testng.TestNG.runSuitesSequentially(TestNG.java:1180)
at org.testng.TestNG.runSuitesLocally(TestNG.java:1102)
at org.testng.TestNG.runSuites(TestNG.java:1032)
at org.testng.TestNG.run(TestNG.java:1000)
at com.bsli.ibm.utility.CreateTestNGXml.runTestNG(CreateTestNGXml.java:92)
at com.bsli.ibm_web.helper.TestNGXmlHelper.createTestNGXml(TestNGXmlHelper.java:113)
at com.bsli.ibm_web.run.mappRunner.run(mappRunner.java:21)
at com.bsli.ibm_web.run.mappRunner.main(mappRunner.java:34)
]]>
            </full-stacktrace>
          </exception> <!-- java.lang.NullPointerException -->
          <reporter-output>
          </reporter-output>
        </test-method> <!-- loadModClass -->
        <test-method is-config="true" signature="closeApp()[pri:0, instance:com.bsli.ibm_web.controller.MappController@3a0d172f]" started-at="2020-12-29T18:21:34 IST" name="closeApp" finished-at="1970-01-01T05:30:00 IST" duration-ms="-1609246294386" status="SKIP">
          <reporter-output>
          </reporter-output>
        </test-method> <!-- closeApp -->
      </class> <!-- com.bsli.ibm_web.controller.MappController -->
    </test> <!-- Test_001 -->
    <test started-at="2020-12-29T18:21:35 IST" name="Test_002" finished-at="2020-12-29T18:21:54 IST" duration-ms="19092">
      <class name="com.bsli.ibm_web.controller.MappController">
        <test-method is-config="true" signature="initModClass(java.lang.String, java.lang.String, java.lang.String)[pri:0, instance:com.bsli.ibm_web.controller.MappController@1c3146bc]" started-at="2020-12-29T18:21:35 IST" name="initModClass" finished-at="2020-12-29T18:21:54 IST" duration-ms="19061" status="FAIL">
          <params>
            <param index="0">
              <value>
                <![CDATA[002]]>
              </value>
            </param>
            <param index="1">
              <value>
                <![CDATA[HDFC]]>
              </value>
            </param>
            <param index="2">
              <value>
                <![CDATA[https://uat.abcap.co.in/ABSLI/he31nHw]]>
              </value>
            </param>
          </params>
          <exception class="java.lang.NullPointerException">
            <full-stacktrace>
              <![CDATA[java.lang.NullPointerException
at com.bsli.ibm_web.controller.MappController.initAppiumDriver(MappController.java:109)
at com.bsli.ibm_web.controller.MappController.initModClass(MappController.java:133)
at java.base/jdk.internal.reflect.NativeMethodAccessorImpl.invoke0(Native Method)
at java.base/jdk.internal.reflect.NativeMethodAccessorImpl.invoke(NativeMethodAccessorImpl.java:62)
at java.base/jdk.internal.reflect.DelegatingMethodAccessorImpl.invoke(DelegatingMethodAccessorImpl.java:43)
at java.base/java.lang.reflect.Method.invoke(Method.java:567)
at org.testng.internal.MethodInvocationHelper.invokeMethod(MethodInvocationHelper.java:133)
at org.testng.internal.MethodInvocationHelper.invokeMethodConsideringTimeout(MethodInvocationHelper.java:62)
at org.testng.internal.ConfigInvoker.invokeConfigurationMethod(ConfigInvoker.java:340)
at org.testng.internal.ConfigInvoker.invokeConfigurations(ConfigInvoker.java:294)
at org.testng.TestRunner.invokeTestConfigurations(TestRunner.java:623)
at org.testng.TestRunner.beforeRun(TestRunner.java:613)
at org.testng.TestRunner.run(TestRunner.java:584)
at org.testng.SuiteRunner.runTest(SuiteRunner.java:402)
at org.testng.SuiteRunner.runSequentially(SuiteRunner.java:396)
at org.testng.SuiteRunner.privateRun(SuiteRunner.java:355)
at org.testng.SuiteRunner.run(SuiteRunner.java:304)
at org.testng.SuiteRunnerWorker.runSuite(SuiteRunnerWorker.java:53)
at org.testng.SuiteRunnerWorker.run(SuiteRunnerWorker.java:96)
at org.testng.TestNG.runSuitesSequentially(TestNG.java:1180)
at org.testng.TestNG.runSuitesLocally(TestNG.java:1102)
at org.testng.TestNG.runSuites(TestNG.java:1032)
at org.testng.TestNG.run(TestNG.java:1000)
at com.bsli.ibm.utility.CreateTestNGXml.runTestNG(CreateTestNGXml.java:92)
at com.bsli.ibm_web.helper.TestNGXmlHelper.createTestNGXml(TestNGXmlHelper.java:113)
at com.bsli.ibm_web.run.mappRunner.run(mappRunner.java:21)
at com.bsli.ibm_web.run.mappRunner.main(mappRunner.java:34)
]]>
            </full-stacktrace>
          </exception> <!-- java.lang.NullPointerException -->
          <reporter-output>
          </reporter-output>
        </test-method> <!-- initModClass -->
        <test-method is-config="true" signature="closeApp()[pri:0, instance:com.bsli.ibm_web.controller.MappController@1c3146bc]" started-at="2020-12-29T18:21:54 IST" name="closeApp" finished-at="1970-01-01T05:30:00 IST" duration-ms="-1609246314573" status="SKIP">
          <reporter-output>
          </reporter-output>
        </test-method> <!-- closeApp -->
        <test-method signature="loadModClass(java.lang.String, java.lang.String, java.lang.String)[pri:0, instance:com.bsli.ibm_web.controller.MappController@1c3146bc]" started-at="2020-12-29T18:21:54 IST" name="loadModClass" finished-at="2020-12-29T18:21:54 IST" duration-ms="0" status="SKIP">
          <exception class="java.lang.NullPointerException">
            <full-stacktrace>
              <![CDATA[java.lang.NullPointerException
at com.bsli.ibm_web.controller.MappController.initAppiumDriver(MappController.java:109)
at com.bsli.ibm_web.controller.MappController.initModClass(MappController.java:133)
at java.base/jdk.internal.reflect.NativeMethodAccessorImpl.invoke0(Native Method)
at java.base/jdk.internal.reflect.NativeMethodAccessorImpl.invoke(NativeMethodAccessorImpl.java:62)
at java.base/jdk.internal.reflect.DelegatingMethodAccessorImpl.invoke(DelegatingMethodAccessorImpl.java:43)
at java.base/java.lang.reflect.Method.invoke(Method.java:567)
at org.testng.internal.MethodInvocationHelper.invokeMethod(MethodInvocationHelper.java:133)
at org.testng.internal.MethodInvocationHelper.invokeMethodConsideringTimeout(MethodInvocationHelper.java:62)
at org.testng.internal.ConfigInvoker.invokeConfigurationMethod(ConfigInvoker.java:340)
at org.testng.internal.ConfigInvoker.invokeConfigurations(ConfigInvoker.java:294)
at org.testng.TestRunner.invokeTestConfigurations(TestRunner.java:623)
at org.testng.TestRunner.beforeRun(TestRunner.java:613)
at org.testng.TestRunner.run(TestRunner.java:584)
at org.testng.SuiteRunner.runTest(SuiteRunner.java:402)
at org.testng.SuiteRunner.runSequentially(SuiteRunner.java:396)
at org.testng.SuiteRunner.privateRun(SuiteRunner.java:355)
at org.testng.SuiteRunner.run(SuiteRunner.java:304)
at org.testng.SuiteRunnerWorker.runSuite(SuiteRunnerWorker.java:53)
at org.testng.SuiteRunnerWorker.run(SuiteRunnerWorker.java:96)
at org.testng.TestNG.runSuitesSequentially(TestNG.java:1180)
at org.testng.TestNG.runSuitesLocally(TestNG.java:1102)
at org.testng.TestNG.runSuites(TestNG.java:1032)
at org.testng.TestNG.run(TestNG.java:1000)
at com.bsli.ibm.utility.CreateTestNGXml.runTestNG(CreateTestNGXml.java:92)
at com.bsli.ibm_web.helper.TestNGXmlHelper.createTestNGXml(TestNGXmlHelper.java:113)
at com.bsli.ibm_web.run.mappRunner.run(mappRunner.java:21)
at com.bsli.ibm_web.run.mappRunner.main(mappRunner.java:34)
]]>
            </full-stacktrace>
          </exception> <!-- java.lang.NullPointerException -->
          <reporter-output>
          </reporter-output>
        </test-method> <!-- loadModClass -->
      </class> <!-- com.bsli.ibm_web.controller.MappController -->
    </test> <!-- Test_002 -->
    <test started-at="2020-12-29T18:21:56 IST" name="Test_003" finished-at="2020-12-29T18:22:06 IST" duration-ms="10171">
      <class name="com.bsli.ibm_web.controller.MappController">
        <test-method is-config="true" signature="initModClass(java.lang.String, java.lang.String, java.lang.String)[pri:0, instance:com.bsli.ibm_web.controller.MappController@7fe7c640]" started-at="2020-12-29T18:21:56 IST" name="initModClass" finished-at="2020-12-29T18:22:06 IST" duration-ms="10171" status="FAIL">
          <params>
            <param index="0">
              <value>
                <![CDATA[003]]>
              </value>
            </param>
            <param index="1">
              <value>
                <![CDATA[HDFC]]>
              </value>
            </param>
            <param index="2">
              <value>
                <![CDATA[https://uat.abcap.co.in/ABSLI/he31nHw]]>
              </value>
            </param>
          </params>
          <exception class="java.lang.NullPointerException">
            <full-stacktrace>
              <![CDATA[java.lang.NullPointerException
at com.bsli.ibm_web.controller.MappController.initAppiumDriver(MappController.java:109)
at com.bsli.ibm_web.controller.MappController.initModClass(MappController.java:133)
at java.base/jdk.internal.reflect.NativeMethodAccessorImpl.invoke0(Native Method)
at java.base/jdk.internal.reflect.NativeMethodAccessorImpl.invoke(NativeMethodAccessorImpl.java:62)
at java.base/jdk.internal.reflect.DelegatingMethodAccessorImpl.invoke(DelegatingMethodAccessorImpl.java:43)
at java.base/java.lang.reflect.Method.invoke(Method.java:567)
at org.testng.internal.MethodInvocationHelper.invokeMethod(MethodInvocationHelper.java:133)
at org.testng.internal.MethodInvocationHelper.invokeMethodConsideringTimeout(MethodInvocationHelper.java:62)
at org.testng.internal.ConfigInvoker.invokeConfigurationMethod(ConfigInvoker.java:340)
at org.testng.internal.ConfigInvoker.invokeConfigurations(ConfigInvoker.java:294)
at org.testng.TestRunner.invokeTestConfigurations(TestRunner.java:623)
at org.testng.TestRunner.beforeRun(TestRunner.java:613)
at org.testng.TestRunner.run(TestRunner.java:584)
at org.testng.SuiteRunner.runTest(SuiteRunner.java:402)
at org.testng.SuiteRunner.runSequentially(SuiteRunner.java:396)
at org.testng.SuiteRunner.privateRun(SuiteRunner.java:355)
at org.testng.SuiteRunner.run(SuiteRunner.java:304)
at org.testng.SuiteRunnerWorker.runSuite(SuiteRunnerWorker.java:53)
at org.testng.SuiteRunnerWorker.run(SuiteRunnerWorker.java:96)
at org.testng.TestNG.runSuitesSequentially(TestNG.java:1180)
at org.testng.TestNG.runSuitesLocally(TestNG.java:1102)
at org.testng.TestNG.runSuites(TestNG.java:1032)
at org.testng.TestNG.run(TestNG.java:1000)
at com.bsli.ibm.utility.CreateTestNGXml.runTestNG(CreateTestNGXml.java:92)
at com.bsli.ibm_web.helper.TestNGXmlHelper.createTestNGXml(TestNGXmlHelper.java:113)
at com.bsli.ibm_web.run.mappRunner.run(mappRunner.java:21)
at com.bsli.ibm_web.run.mappRunner.main(mappRunner.java:34)
]]>
            </full-stacktrace>
          </exception> <!-- java.lang.NullPointerException -->
          <reporter-output>
          </reporter-output>
        </test-method> <!-- initModClass -->
        <test-method signature="loadModClass(java.lang.String, java.lang.String, java.lang.String)[pri:0, instance:com.bsli.ibm_web.controller.MappController@7fe7c640]" started-at="2020-12-29T18:22:06 IST" name="loadModClass" finished-at="2020-12-29T18:22:06 IST" duration-ms="0" status="SKIP">
          <exception class="java.lang.NullPointerException">
            <full-stacktrace>
              <![CDATA[java.lang.NullPointerException
at com.bsli.ibm_web.controller.MappController.initAppiumDriver(MappController.java:109)
at com.bsli.ibm_web.controller.MappController.initModClass(MappController.java:133)
at java.base/jdk.internal.reflect.NativeMethodAccessorImpl.invoke0(Native Method)
at java.base/jdk.internal.reflect.NativeMethodAccessorImpl.invoke(NativeMethodAccessorImpl.java:62)
at java.base/jdk.internal.reflect.DelegatingMethodAccessorImpl.invoke(DelegatingMethodAccessorImpl.java:43)
at java.base/java.lang.reflect.Method.invoke(Method.java:567)
at org.testng.internal.MethodInvocationHelper.invokeMethod(MethodInvocationHelper.java:133)
at org.testng.internal.MethodInvocationHelper.invokeMethodConsideringTimeout(MethodInvocationHelper.java:62)
at org.testng.internal.ConfigInvoker.invokeConfigurationMethod(ConfigInvoker.java:340)
at org.testng.internal.ConfigInvoker.invokeConfigurations(ConfigInvoker.java:294)
at org.testng.TestRunner.invokeTestConfigurations(TestRunner.java:623)
at org.testng.TestRunner.beforeRun(TestRunner.java:613)
at org.testng.TestRunner.run(TestRunner.java:584)
at org.testng.SuiteRunner.runTest(SuiteRunner.java:402)
at org.testng.SuiteRunner.runSequentially(SuiteRunner.java:396)
at org.testng.SuiteRunner.privateRun(SuiteRunner.java:355)
at org.testng.SuiteRunner.run(SuiteRunner.java:304)
at org.testng.SuiteRunnerWorker.runSuite(SuiteRunnerWorker.java:53)
at org.testng.SuiteRunnerWorker.run(SuiteRunnerWorker.java:96)
at org.testng.TestNG.runSuitesSequentially(TestNG.java:1180)
at org.testng.TestNG.runSuitesLocally(TestNG.java:1102)
at org.testng.TestNG.runSuites(TestNG.java:1032)
at org.testng.TestNG.run(TestNG.java:1000)
at com.bsli.ibm.utility.CreateTestNGXml.runTestNG(CreateTestNGXml.java:92)
at com.bsli.ibm_web.helper.TestNGXmlHelper.createTestNGXml(TestNGXmlHelper.java:113)
at com.bsli.ibm_web.run.mappRunner.run(mappRunner.java:21)
at com.bsli.ibm_web.run.mappRunner.main(mappRunner.java:34)
]]>
            </full-stacktrace>
          </exception> <!-- java.lang.NullPointerException -->
          <reporter-output>
          </reporter-output>
        </test-method> <!-- loadModClass -->
        <test-method is-config="true" signature="closeApp()[pri:0, instance:com.bsli.ibm_web.controller.MappController@7fe7c640]" started-at="2020-12-29T18:22:06 IST" name="closeApp" finished-at="1970-01-01T05:30:00 IST" duration-ms="-1609246326325" status="SKIP">
          <reporter-output>
          </reporter-output>
        </test-method> <!-- closeApp -->
      </class> <!-- com.bsli.ibm_web.controller.MappController -->
    </test> <!-- Test_003 -->
    <test started-at="2020-12-29T18:22:07 IST" name="Test_004" finished-at="2020-12-29T18:22:15 IST" duration-ms="7852">
      <class name="com.bsli.ibm_web.controller.MappController">
        <test-method is-config="true" signature="initModClass(java.lang.String, java.lang.String, java.lang.String)[pri:0, instance:com.bsli.ibm_web.controller.MappController@32811494]" started-at="2020-12-29T18:22:07 IST" name="initModClass" finished-at="2020-12-29T18:22:15 IST" duration-ms="7835" status="FAIL">
          <params>
            <param index="0">
              <value>
                <![CDATA[004]]>
              </value>
            </param>
            <param index="1">
              <value>
                <![CDATA[HDFC]]>
              </value>
            </param>
            <param index="2">
              <value>
                <![CDATA[https://uat.abcap.co.in/ABSLI/he31nHw]]>
              </value>
            </param>
          </params>
          <exception class="java.lang.NullPointerException">
            <full-stacktrace>
              <![CDATA[java.lang.NullPointerException
at com.bsli.ibm_web.controller.MappController.initAppiumDriver(MappController.java:109)
at com.bsli.ibm_web.controller.MappController.initModClass(MappController.java:133)
at java.base/jdk.internal.reflect.NativeMethodAccessorImpl.invoke0(Native Method)
at java.base/jdk.internal.reflect.NativeMethodAccessorImpl.invoke(NativeMethodAccessorImpl.java:62)
at java.base/jdk.internal.reflect.DelegatingMethodAccessorImpl.invoke(DelegatingMethodAccessorImpl.java:43)
at java.base/java.lang.reflect.Method.invoke(Method.java:567)
at org.testng.internal.MethodInvocationHelper.invokeMethod(MethodInvocationHelper.java:133)
at org.testng.internal.MethodInvocationHelper.invokeMethodConsideringTimeout(MethodInvocationHelper.java:62)
at org.testng.internal.ConfigInvoker.invokeConfigurationMethod(ConfigInvoker.java:340)
at org.testng.internal.ConfigInvoker.invokeConfigurations(ConfigInvoker.java:294)
at org.testng.TestRunner.invokeTestConfigurations(TestRunner.java:623)
at org.testng.TestRunner.beforeRun(TestRunner.java:613)
at org.testng.TestRunner.run(TestRunner.java:584)
at org.testng.SuiteRunner.runTest(SuiteRunner.java:402)
at org.testng.SuiteRunner.runSequentially(SuiteRunner.java:396)
at org.testng.SuiteRunner.privateRun(SuiteRunner.java:355)
at org.testng.SuiteRunner.run(SuiteRunner.java:304)
at org.testng.SuiteRunnerWorker.runSuite(SuiteRunnerWorker.java:53)
at org.testng.SuiteRunnerWorker.run(SuiteRunnerWorker.java:96)
at org.testng.TestNG.runSuitesSequentially(TestNG.java:1180)
at org.testng.TestNG.runSuitesLocally(TestNG.java:1102)
at org.testng.TestNG.runSuites(TestNG.java:1032)
at org.testng.TestNG.run(TestNG.java:1000)
at com.bsli.ibm.utility.CreateTestNGXml.runTestNG(CreateTestNGXml.java:92)
at com.bsli.ibm_web.helper.TestNGXmlHelper.createTestNGXml(TestNGXmlHelper.java:113)
at com.bsli.ibm_web.run.mappRunner.run(mappRunner.java:21)
at com.bsli.ibm_web.run.mappRunner.main(mappRunner.java:34)
]]>
            </full-stacktrace>
          </exception> <!-- java.lang.NullPointerException -->
          <reporter-output>
          </reporter-output>
        </test-method> <!-- initModClass -->
        <test-method signature="loadModClass(java.lang.String, java.lang.String, java.lang.String)[pri:0, instance:com.bsli.ibm_web.controller.MappController@32811494]" started-at="2020-12-29T18:22:15 IST" name="loadModClass" finished-at="2020-12-29T18:22:15 IST" duration-ms="0" status="SKIP">
          <exception class="java.lang.NullPointerException">
            <full-stacktrace>
              <![CDATA[java.lang.NullPointerException
at com.bsli.ibm_web.controller.MappController.initAppiumDriver(MappController.java:109)
at com.bsli.ibm_web.controller.MappController.initModClass(MappController.java:133)
at java.base/jdk.internal.reflect.NativeMethodAccessorImpl.invoke0(Native Method)
at java.base/jdk.internal.reflect.NativeMethodAccessorImpl.invoke(NativeMethodAccessorImpl.java:62)
at java.base/jdk.internal.reflect.DelegatingMethodAccessorImpl.invoke(DelegatingMethodAccessorImpl.java:43)
at java.base/java.lang.reflect.Method.invoke(Method.java:567)
at org.testng.internal.MethodInvocationHelper.invokeMethod(MethodInvocationHelper.java:133)
at org.testng.internal.MethodInvocationHelper.invokeMethodConsideringTimeout(MethodInvocationHelper.java:62)
at org.testng.internal.ConfigInvoker.invokeConfigurationMethod(ConfigInvoker.java:340)
at org.testng.internal.ConfigInvoker.invokeConfigurations(ConfigInvoker.java:294)
at org.testng.TestRunner.invokeTestConfigurations(TestRunner.java:623)
at org.testng.TestRunner.beforeRun(TestRunner.java:613)
at org.testng.TestRunner.run(TestRunner.java:584)
at org.testng.SuiteRunner.runTest(SuiteRunner.java:402)
at org.testng.SuiteRunner.runSequentially(SuiteRunner.java:396)
at org.testng.SuiteRunner.privateRun(SuiteRunner.java:355)
at org.testng.SuiteRunner.run(SuiteRunner.java:304)
at org.testng.SuiteRunnerWorker.runSuite(SuiteRunnerWorker.java:53)
at org.testng.SuiteRunnerWorker.run(SuiteRunnerWorker.java:96)
at org.testng.TestNG.runSuitesSequentially(TestNG.java:1180)
at org.testng.TestNG.runSuitesLocally(TestNG.java:1102)
at org.testng.TestNG.runSuites(TestNG.java:1032)
at org.testng.TestNG.run(TestNG.java:1000)
at com.bsli.ibm.utility.CreateTestNGXml.runTestNG(CreateTestNGXml.java:92)
at com.bsli.ibm_web.helper.TestNGXmlHelper.createTestNGXml(TestNGXmlHelper.java:113)
at com.bsli.ibm_web.run.mappRunner.run(mappRunner.java:21)
at com.bsli.ibm_web.run.mappRunner.main(mappRunner.java:34)
]]>
            </full-stacktrace>
          </exception> <!-- java.lang.NullPointerException -->
          <reporter-output>
          </reporter-output>
        </test-method> <!-- loadModClass -->
        <test-method is-config="true" signature="closeApp()[pri:0, instance:com.bsli.ibm_web.controller.MappController@32811494]" started-at="2020-12-29T18:22:15 IST" name="closeApp" finished-at="1970-01-01T05:30:00 IST" duration-ms="-1609246335084" status="SKIP">
          <reporter-output>
          </reporter-output>
        </test-method> <!-- closeApp -->
        <test-method is-config="true" signature="quitApp()[pri:0, instance:com.bsli.ibm_web.controller.MappController@32811494]" started-at="2020-12-29T18:22:15 IST" name="quitApp" finished-at="1970-01-01T05:30:00 IST" duration-ms="-1609246335772" status="SKIP">
          <reporter-output>
          </reporter-output>
        </test-method> <!-- quitApp -->
      </class> <!-- com.bsli.ibm_web.controller.MappController -->
    </test> <!-- Test_004 -->
  </suite> <!-- HDFC -->
</testng-results>
