<?xml version="1.0" encoding="UTF-8"?>
<!-- Generated by org.testng.reporters.JUnitXMLReporter -->
<testsuite ignored="0" hostname="Anurag-dell" failures="0" tests="1" name="Test_004" time="7.852" errors="0" timestamp="2020-12-29T18:22:15 IST">
  <testcase classname="com.bsli.ibm_web.controller.MappController" name="@BeforeTest initModClass" time="7.835">
    <failure type="java.lang.NullPointerException">
      <![CDATA[java.lang.NullPointerException
at com.bsli.ibm_web.controller.MappController.initAppiumDriver(MappController.java:109)
at com.bsli.ibm_web.controller.MappController.initModClass(MappController.java:133)
at com.bsli.ibm.utility.CreateTestNGXml.runTestNG(CreateTestNGXml.java:92)
at com.bsli.ibm_web.helper.TestNGXmlHelper.createTestNGXml(TestNGXmlHelper.java:113)
at com.bsli.ibm_web.run.mappRunner.run(mappRunner.java:21)
at com.bsli.ibm_web.run.mappRunner.main(mappRunner.java:34)
... Removed 21 stack frames]]>
    </failure>
  </testcase> <!-- @BeforeTest initModClass -->
  <testcase classname="com.bsli.ibm_web.controller.MappController" name="@AfterTest closeApp" time="-1.609246335084E9">
    <skipped/>
  </testcase> <!-- @AfterTest closeApp -->
  <testcase classname="com.bsli.ibm_web.controller.MappController" name="loadModClass" time="0.0">
    <skipped/>
  </testcase> <!-- loadModClass -->
</testsuite> <!-- Test_004 -->
